<?xml version="1.0" encoding="UTF-8"?>
<testng-results ignored="0" total="1" passed="1" failed="0" skipped="0">
  <reporter-output>
  </reporter-output>
  <suite started-at="2024-10-01T19:11:45 IST" name="Suite" finished-at="2024-10-01T19:11:51 IST" duration-ms="6310">
    <groups>
    </groups>
    <test started-at="2024-10-01T19:11:45 IST" name="Test" finished-at="2024-10-01T19:11:51 IST" duration-ms="6310">
      <class name="testcasepackage.LoginTestcase">
        <test-method is-config="true" signature="browserL()[pri:0, instance:testcasepackage.LoginTestcase@624ea235]" started-at="2024-10-01T19:11:45 IST" name="browserL" finished-at="2024-10-01T19:11:47 IST" duration-ms="2000" status="PASS">
          <reporter-output>
          </reporter-output>
        </test-method> <!-- browserL -->
        <test-method signature="setup()[pri:0, instance:testcasepackage.LoginTestcase@624ea235]" started-at="2024-10-01T19:11:47 IST" name="setup" finished-at="2024-10-01T19:11:51 IST" duration-ms="4246" status="PASS">
          <reporter-output>
          </reporter-output>
        </test-method> <!-- setup -->
      </class> <!-- testcasepackage.LoginTestcase -->
    </test> <!-- Test -->
  </suite> <!-- Suite -->
</testng-results>
